<?xml version="1.0" encoding="UTF-8"?>
<!-- Generated by org.testng.reporters.JUnitReportReporter -->
<testsuite hostname="PARTHAN" failures="0" tests="1" name="newtest.GetTest01" time="2.110" errors="0" timestamp="2024-03-13T01:05:47 GMT" skipped="0">
  <testcase classname="newtest.GetTest01" name="test_01" time="2.110"/>
  <system-out/>
</testsuite> <!-- newtest.GetTest01 -->
