<?xml version="1.0" encoding="UTF-8"?>
<!-- Generated by org.testng.reporters.JUnitReportReporter -->
<testsuite hostname="PARTHAN" failures="0" tests="2" name="BasicApiTest" time="4.332" errors="0" timestamp="2023-04-02T17:26:14 BST" skipped="0">
  <testcase classname="BasicApiTest" name="T01_StatusCodeAndGetClientsTest" time="2.847"/>
  <system-out/>
  <testcase classname="BasicApiTest" name="T02_GetAndroidModelPackageOptions" time="1.485"/>
  <system-out/>
</testsuite> <!-- BasicApiTest -->
